Processing links.csv ...
Processing ratings.csv ...
Processing movies.csv ...
Creating movies in database ...
 - insarting ...
 - insarting ...
 - insarting ...
 - insarting ...
 - insarting ...
 - insarting ...
 - insarting ...
 - insarting ...
 - insarting ...
 - insarting ...
 - insarting ...
 - insarting ...
 - insarting ...
 - insarting ...
 - insarting ...
 - insarting ...
 - insarting ...
 - insarting ...
 - insarting ...
 - insarting ...
 - insarting ...
 - insarting ...
 - insarting ...
 - insarting ...
 - insarting ...
 - insarting ...
 - insarting ...
 - insarting ...
 - insarting ...
 - insarting ...
 - insarting ...
 - insarting ...
 - insarting ...
 - insarting ...
 - insarting ...
 - insarting ...
 - insarting ...
 - insarting ...
 - insarting ...
 - insarting ...
 - insarting ...
 - insarting ...
 - insarting ...
 - insarting ...
 - insarting ...
 - insarting ...
 - insarting ...
 - insarting ...
 - insarting ...
 - insarting ...
 - insarting ...
 - insarting ...
 - insarting ...
 - insarting ...
 - insarting ...
 - insarting ...
 - insarting ...
 - insarting ...
 - insarting ...
 - insarting ...
 - insarting ...
 - insarting ...
 - insarting ...
 - insarting ...
 - insarting ...
 - insarting ...
 - insarting ...
 - insarting ...
 - insarting ...
 - insarting ...
 - insarting ...
 - insarting ...
 - insarting ...
 - insarting ...
 - insarting ...
 - insarting ...
 - insarting ...
 - insarting ...
 - insarting ...
 - insarting ...
 - insarting ...
 - insarting ...
 - insarting ...
 - insarting ...
 - insarting ...
 - insarting ...
 - insarting ...
 - insarting ...
 - insarting ...
 - insarting ...
 - insarting ...
 - insarting ...
 - insarting ...
 - insarting ...
 - insarting ...
 - insarting ...
 - insarting ...
 - insarting ...
 - insarting ...
 - insarting ...
 - insarting ...
 - insarting ...
Populating database with users ...
 - insarting ...
 - insarting ...
 - insarting ...
 - insarting ...
 - insarting ...
 - insarting ...
Creating users' preferences lists ...
 - insarting ...
 - insarting ...
 - insarting ...
 - insarting ...
 - insarting ...
 - insarting ...
Populating database with preferences ...
 - insarting ...
